2025-03-02 21:55:28,399 - root - INFO - Logging initialized. Log file: output/chessy_20250302_215528.log
2025-03-02 21:55:28,399 - root - INFO - ✅ Services initialized for user: IlliquidAsset
2025-03-02 21:55:28,402 - root - INFO - 🚀 Starting Chessy server for user: IlliquidAsset
2025-03-02 21:55:28,413 - werkzeug - INFO - [31m[1mWARNING: This is a development server. Do not use it in a production deployment. Use a production WSGI server instead.[0m
 * Running on http://127.0.0.1:5000
2025-03-02 21:55:28,413 - werkzeug - INFO - [33mPress CTRL+C to quit[0m
2025-03-02 21:55:28,414 - werkzeug - INFO -  * Restarting with stat
2025-03-02 22:02:42,152 - werkzeug - INFO -  * Restarting with stat
2025-03-02 22:04:20,378 - werkzeug - INFO -  * Restarting with stat
2025-03-02 22:04:44,040 - werkzeug - INFO -  * Restarting with stat
2025-03-02 22:05:47,217 - werkzeug - INFO -  * Restarting with stat
2025-03-02 22:13:34,848 - werkzeug - INFO -  * Restarting with stat
2025-03-02 22:14:40,881 - werkzeug - INFO -  * Restarting with stat
2025-03-02 22:15:20,043 - werkzeug - INFO -  * Restarting with stat
2025-03-02 22:15:23,305 - werkzeug - INFO -  * Restarting with stat
2025-03-02 22:16:05,191 - werkzeug - INFO -  * Restarting with stat
2025-03-02 22:27:51,290 - werkzeug - INFO -  * Restarting with stat
2025-03-02 22:28:20,666 - werkzeug - INFO -  * Restarting with stat
2025-03-02 22:29:06,395 - werkzeug - INFO -  * Restarting with stat
2025-03-02 22:29:10,097 - werkzeug - INFO -  * Restarting with stat
2025-03-02 22:30:11,597 - werkzeug - INFO -  * Restarting with stat
2025-03-02 22:30:40,113 - werkzeug - INFO -  * Restarting with stat
2025-03-02 22:33:01,078 - werkzeug - INFO -  * Restarting with stat
